/home/s2142414/venv_mlp/lib/python3.12/site-packages/clip/clip.py:6: UserWarning: pkg_resources is deprecated as an API. See https://setuptools.pypa.io/en/latest/pkg_resources.html. The pkg_resources package is slated for removal as early as 2025-11-30. Refrain from using this package or pin to Setuptools<81.
  from pkg_resources import packaging
[nltk_data] Downloading package punkt to
[nltk_data]     /disk/scratch/s2142414/nltk_data...
[nltk_data]   Package punkt is already up-to-date!
[nltk_data] Downloading package punkt_tab to
[nltk_data]     /disk/scratch/s2142414/nltk_data...
[nltk_data]   Package punkt_tab is already up-to-date!

Loading weights:   0%|          | 0/148 [00:00<?, ?it/s]
Loading weights:   6%|▌         | 9/148 [00:00<00:03, 45.81it/s]
Loading weights:   9%|▉         | 14/148 [00:00<00:02, 45.40it/s]
Loading weights:  16%|█▌        | 23/148 [00:00<00:02, 59.66it/s]
Loading weights:  22%|██▏       | 33/148 [00:00<00:01, 61.26it/s]
Loading weights:  28%|██▊       | 42/148 [00:00<00:01, 68.96it/s]
Loading weights:  34%|███▍      | 51/148 [00:00<00:01, 74.13it/s]
Loading weights:  41%|████      | 61/148 [00:00<00:01, 79.07it/s]
Loading weights:  66%|██████▌   | 98/148 [00:00<00:00, 161.24it/s]
Loading weights:  80%|███████▉  | 118/148 [00:01<00:00, 166.45it/s]
Loading weights: 100%|██████████| 148/148 [00:01<00:00, 128.36it/s]
Traceback (most recent call last):
  File "/home/s2142414/VL_Debiasing/measure_caption_bias.py", line 207, in <module>
    main()
  File "/home/s2142414/VL_Debiasing/measure_caption_bias.py", line 90, in main
    model.load_state_dict(torch.load(model_path, map_location=device), strict=False)
                          ^^^^^^^^^^^^^^^^^^^^^^^^^^^^^^^^^^^^^^^^^^^
  File "/home/s2142414/venv_mlp/lib/python3.12/site-packages/torch/serialization.py", line 1500, in load
    with _open_file_like(f, "rb") as opened_file:
         ^^^^^^^^^^^^^^^^^^^^^^^^
  File "/home/s2142414/venv_mlp/lib/python3.12/site-packages/torch/serialization.py", line 768, in _open_file_like
    return _open_file(name_or_buffer, mode)
           ^^^^^^^^^^^^^^^^^^^^^^^^^^^^^^^^
  File "/home/s2142414/venv_mlp/lib/python3.12/site-packages/torch/serialization.py", line 749, in __init__
    super().__init__(open(name, mode))  # noqa: SIM115
                     ^^^^^^^^^^^^^^^^
FileNotFoundError: [Errno 2] No such file or directory: 'VL_Debiasing/clip_debiasing/models/clipcap/clip_cap_coco_weight.pt'
